<?xml version="1.0" encoding="UTF-8"?>
<testsuite name="com.swedlg.SSPR_LAB_3.SSPRLab3ApplicationTests" tests="1" skipped="0" failures="0" errors="0" timestamp="2023-04-30T07:10:03" hostname="LAPTOP-GV4FSJ96" time="0.546">
  <properties/>
  <testcase name="contextLoads()" classname="com.swedlg.SSPR_LAB_3.SSPRLab3ApplicationTests" time="0.546"/>
  <system-out><![CDATA[11:10:01.263 [Test worker] DEBUG org.springframework.boot.test.context.SpringBootTestContextBootstrapper -- Neither @ContextConfiguration nor @ContextHierarchy found for test class [SSPRLab3ApplicationTests]: using SpringBootContextLoader
11:10:01.270 [Test worker] DEBUG org.springframework.test.context.support.AbstractContextLoader -- Could not detect default resource locations for test class [com.swedlg.SSPR_LAB_3.SSPRLab3ApplicationTests]: no resource found for suffixes {-context.xml, Context.groovy}.
11:10:01.271 [Test worker] INFO org.springframework.test.context.support.AnnotationConfigContextLoaderUtils -- Could not detect default configuration classes for test class [com.swedlg.SSPR_LAB_3.SSPRLab3ApplicationTests]: SSPRLab3ApplicationTests does not declare any static, non-private, non-final, nested classes annotated with @Configuration.
11:10:01.303 [Test worker] DEBUG org.springframework.boot.test.context.SpringBootTestContextBootstrapper -- Using ContextCustomizers for test class [SSPRLab3ApplicationTests]: [DisableObservabilityContextCustomizer, PropertyMappingContextCustomizer, Customizer, ExcludeFilterContextCustomizer, DuplicateJsonObjectContextCustomizer, MockitoContextCustomizer, TestRestTemplateContextCustomizer]
11:10:01.380 [Test worker] DEBUG org.springframework.context.annotation.ClassPathScanningCandidateComponentProvider -- Identified candidate component class: file [C:\Users\swedl\Downloads\SSPR_LAB_3\SSPR_LAB_3\build\classes\java\main\com\swedlg\SSPR_LAB_3\SsprLab3Application.class]
11:10:01.382 [Test worker] INFO org.springframework.boot.test.context.SpringBootTestContextBootstrapper -- Found @SpringBootConfiguration com.swedlg.SSPR_LAB_3.SsprLab3Application for test class com.swedlg.SSPR_LAB_3.SSPRLab3ApplicationTests
11:10:01.522 [Test worker] DEBUG org.springframework.test.context.util.TestContextSpringFactoriesUtils -- Skipping candidate TestExecutionListener [org.springframework.test.context.transaction.TransactionalTestExecutionListener] due to a missing dependency. Specify custom TestExecutionListener classes or make the default TestExecutionListener classes and their required dependencies available. Offending class: [org/springframework/transaction/interceptor/TransactionAttributeSource]
11:10:01.524 [Test worker] DEBUG org.springframework.test.context.util.TestContextSpringFactoriesUtils -- Skipping candidate TestExecutionListener [org.springframework.test.context.jdbc.SqlScriptsTestExecutionListener] due to a missing dependency. Specify custom TestExecutionListener classes or make the default TestExecutionListener classes and their required dependencies available. Offending class: [org/springframework/transaction/interceptor/TransactionAttribute]
11:10:01.526 [Test worker] DEBUG org.springframework.boot.test.context.SpringBootTestContextBootstrapper -- Using TestExecutionListeners for test class [SSPRLab3ApplicationTests]: [ServletTestExecutionListener, DirtiesContextBeforeModesTestExecutionListener, ApplicationEventsTestExecutionListener, MockitoTestExecutionListener, DependencyInjectionTestExecutionListener, DirtiesContextTestExecutionListener, EventPublishingTestExecutionListener, RestDocsTestExecutionListener, MockRestServiceServerResetTestExecutionListener, MockMvcPrintOnlyOnFailureTestExecutionListener, WebDriverTestExecutionListener, MockWebServiceServerTestExecutionListener, ResetMocksTestExecutionListener]
11:10:01.528 [Test worker] DEBUG org.springframework.test.context.support.AbstractDirtiesContextTestExecutionListener -- Before test class: class [SSPRLab3ApplicationTests], class annotated with @DirtiesContext [false] with mode [null]

  .   ____          _            __ _ _
 /\\ / ___'_ __ _ _(_)_ __  __ _ \ \ \ \
( ( )\___ | '_ | '_| | '_ \/ _` | \ \ \ \
 \\/  ___)| |_)| | | | | || (_| |  ) ) ) )
  '  |____| .__|_| |_|_| |_\__, | / / / /
 =========|_|==============|___/=/_/_/_/
 :: Spring Boot ::                (v3.0.6)

2023-04-30T11:10:01.849+04:00  INFO 15468 --- [    Test worker] c.s.SSPR_LAB_3.SSPRLab3ApplicationTests  : Starting SSPRLab3ApplicationTests using Java 17.0.5 with PID 15468 (started by swedl in C:\Users\swedl\Downloads\SSPR_LAB_3\SSPR_LAB_3)
2023-04-30T11:10:01.850+04:00  INFO 15468 --- [    Test worker] c.s.SSPR_LAB_3.SSPRLab3ApplicationTests  : No active profile set, falling back to 1 default profile: "default"
2023-04-30T11:10:03.097+04:00  INFO 15468 --- [    Test worker] c.s.SSPR_LAB_3.SSPRLab3ApplicationTests  : Started SSPRLab3ApplicationTests in 1.518 seconds (process running for 2.844)
]]></system-out>
  <system-err><![CDATA[]]></system-err>
</testsuite>
