<?xml version="1.0" encoding="UTF-8"?>
<testsuite name="com.swedlg.SSPR_LAB_3.SSPRLab3ApplicationTests" tests="1" skipped="0" failures="0" errors="0" timestamp="2023-05-01T11:54:51" hostname="LAPTOP-GV4FSJ96" time="0.549">
  <properties/>
  <testcase name="contextLoads()" classname="com.swedlg.SSPR_LAB_3.SSPRLab3ApplicationTests" time="0.549"/>
  <system-out><![CDATA[15:54:49.466 [Test worker] DEBUG org.springframework.boot.test.context.SpringBootTestContextBootstrapper -- Neither @ContextConfiguration nor @ContextHierarchy found for test class [SSPRLab3ApplicationTests]: using SpringBootContextLoader
15:54:49.473 [Test worker] DEBUG org.springframework.test.context.support.AbstractContextLoader -- Could not detect default resource locations for test class [com.swedlg.SSPR_LAB_3.SSPRLab3ApplicationTests]: no resource found for suffixes {-context.xml, Context.groovy}.
15:54:49.474 [Test worker] INFO org.springframework.test.context.support.AnnotationConfigContextLoaderUtils -- Could not detect default configuration classes for test class [com.swedlg.SSPR_LAB_3.SSPRLab3ApplicationTests]: SSPRLab3ApplicationTests does not declare any static, non-private, non-final, nested classes annotated with @Configuration.
15:54:49.509 [Test worker] DEBUG org.springframework.boot.test.context.SpringBootTestContextBootstrapper -- Using ContextCustomizers for test class [SSPRLab3ApplicationTests]: [DisableObservabilityContextCustomizer, PropertyMappingContextCustomizer, Customizer, ExcludeFilterContextCustomizer, DuplicateJsonObjectContextCustomizer, MockitoContextCustomizer, TestRestTemplateContextCustomizer]
15:54:49.606 [Test worker] DEBUG org.springframework.context.annotation.ClassPathScanningCandidateComponentProvider -- Identified candidate component class: file [C:\Users\swedl\Downloads\SSPR_LAB_3\SSPR_LAB_3\build\classes\java\main\com\swedlg\SSPR_LAB_3\SsprLab3Application.class]
15:54:49.608 [Test worker] INFO org.springframework.boot.test.context.SpringBootTestContextBootstrapper -- Found @SpringBootConfiguration com.swedlg.SSPR_LAB_3.SsprLab3Application for test class com.swedlg.SSPR_LAB_3.SSPRLab3ApplicationTests
15:54:49.757 [Test worker] DEBUG org.springframework.test.context.util.TestContextSpringFactoriesUtils -- Skipping candidate TestExecutionListener [org.springframework.test.context.transaction.TransactionalTestExecutionListener] due to a missing dependency. Specify custom TestExecutionListener classes or make the default TestExecutionListener classes and their required dependencies available. Offending class: [org/springframework/transaction/interceptor/TransactionAttributeSource]
15:54:49.760 [Test worker] DEBUG org.springframework.test.context.util.TestContextSpringFactoriesUtils -- Skipping candidate TestExecutionListener [org.springframework.test.context.jdbc.SqlScriptsTestExecutionListener] due to a missing dependency. Specify custom TestExecutionListener classes or make the default TestExecutionListener classes and their required dependencies available. Offending class: [org/springframework/transaction/interceptor/TransactionAttribute]
15:54:49.762 [Test worker] DEBUG org.springframework.boot.test.context.SpringBootTestContextBootstrapper -- Using TestExecutionListeners for test class [SSPRLab3ApplicationTests]: [ServletTestExecutionListener, DirtiesContextBeforeModesTestExecutionListener, ApplicationEventsTestExecutionListener, MockitoTestExecutionListener, DependencyInjectionTestExecutionListener, DirtiesContextTestExecutionListener, EventPublishingTestExecutionListener, RestDocsTestExecutionListener, MockRestServiceServerResetTestExecutionListener, MockMvcPrintOnlyOnFailureTestExecutionListener, WebDriverTestExecutionListener, MockWebServiceServerTestExecutionListener, ResetMocksTestExecutionListener]
15:54:49.764 [Test worker] DEBUG org.springframework.test.context.support.AbstractDirtiesContextTestExecutionListener -- Before test class: class [SSPRLab3ApplicationTests], class annotated with @DirtiesContext [false] with mode [null]

  .   ____          _            __ _ _
 /\\ / ___'_ __ _ _(_)_ __  __ _ \ \ \ \
( ( )\___ | '_ | '_| | '_ \/ _` | \ \ \ \
 \\/  ___)| |_)| | | | | || (_| |  ) ) ) )
  '  |____| .__|_| |_|_| |_\__, | / / / /
 =========|_|==============|___/=/_/_/_/
 :: Spring Boot ::                (v3.0.6)

2023-05-01T15:54:50.117+04:00  INFO 20632 --- [    Test worker] c.s.SSPR_LAB_3.SSPRLab3ApplicationTests  : Starting SSPRLab3ApplicationTests using Java 17.0.5 with PID 20632 (started by swedl in C:\Users\swedl\Downloads\SSPR_LAB_3\SSPR_LAB_3)
2023-05-01T15:54:50.119+04:00  INFO 20632 --- [    Test worker] c.s.SSPR_LAB_3.SSPRLab3ApplicationTests  : No active profile set, falling back to 1 default profile: "default"
2023-05-01T15:54:51.465+04:00  INFO 20632 --- [    Test worker] c.s.SSPR_LAB_3.SSPRLab3ApplicationTests  : Started SSPRLab3ApplicationTests in 1.645 seconds (process running for 3.057)
]]></system-out>
  <system-err><![CDATA[]]></system-err>
</testsuite>
